<?xml version="1.0" encoding="UTF-8"?>
<definitions xmlns="http://www.omg.org/spec/BPMN/20100524/MODEL" xmlns:xsi="http://www.w3.org/2001/XMLSchema-instance" xmlns:xsd="http://www.w3.org/2001/XMLSchema" xmlns:flowable="http://flowable.org/bpmn" xmlns:bpmndi="http://www.omg.org/spec/BPMN/20100524/DI" xmlns:omgdc="http://www.omg.org/spec/DD/20100524/DC" xmlns:omgdi="http://www.omg.org/spec/DD/20100524/DI" typeLanguage="http://www.w3.org/2001/XMLSchema" expressionLanguage="http://www.w3.org/1999/XPath" targetNamespace="http://www.flowable.org/processdef">
  <process id="test-process2" name="测试流程" isExecutable="true" flowable:isEagerExecutionFetching="true">
    <extensionElements>
      <flowable:historyLevel xmlns:flowable="http://flowable.org/bpmn"><![CDATA[full]]></flowable:historyLevel>
    </extensionElements>
    <startEvent id="sid-768AF1FD-E6B0-4CF1-8D27-7CA1228579AD" flowable:formFieldValidation="true"></startEvent>
    <userTask id="sid-06F40A12-5224-4595-B248-93D7C58D00C4" name="杨幂审批" flowable:candidateGroups="group001" flowable:formFieldValidation="true">
      <extensionElements>
        <modeler:group-info-name-group001 xmlns:modeler="http://flowable.org/modeler"><![CDATA[测试组]]></modeler:group-info-name-group001>
        <modeler:activiti-idm-candidate-group xmlns:modeler="http://flowable.org/modeler"><![CDATA[true]]></modeler:activiti-idm-candidate-group>
        <modeler:initiator-can-complete xmlns:modeler="http://flowable.org/modeler"><![CDATA[false]]></modeler:initiator-can-complete>
      </extensionElements>
    </userTask>
    <sequenceFlow id="sid-D41FA8CF-B80C-4E1D-BCDE-D9701D1019F3" sourceRef="sid-768AF1FD-E6B0-4CF1-8D27-7CA1228579AD" targetRef="sid-06F40A12-5224-4595-B248-93D7C58D00C4"></sequenceFlow>
    <userTask id="sid-94611C86-8A73-4F78-B8DE-9F67D5753427" name="冰冰审批" flowable:assignee="admin" flowable:formFieldValidation="true">
      <extensionElements>
        <modeler:activiti-idm-assignee xmlns:modeler="http://flowable.org/modeler"><![CDATA[true]]></modeler:activiti-idm-assignee>
        <modeler:assignee-info-email xmlns:modeler="http://flowable.org/modeler"><![CDATA[admin@flowable.org]]></modeler:assignee-info-email>
        <modeler:assignee-info-firstname xmlns:modeler="http://flowable.org/modeler"><![CDATA[Test]]></modeler:assignee-info-firstname>
        <modeler:assignee-info-lastname xmlns:modeler="http://flowable.org/modeler"><![CDATA[Administrator]]></modeler:assignee-info-lastname>
        <modeler:initiator-can-complete xmlns:modeler="http://flowable.org/modeler"><![CDATA[false]]></modeler:initiator-can-complete>
      </extensionElements>
    </userTask>
    <sequenceFlow id="sid-B320AA83-88DE-484B-B781-BDDE5EE48659" sourceRef="sid-06F40A12-5224-4595-B248-93D7C58D00C4" targetRef="sid-94611C86-8A73-4F78-B8DE-9F67D5753427"></sequenceFlow>
    <userTask id="sid-AB62F138-C6B0-40AA-8CCA-D5ED4B5F54BB" name="亚芳审批" flowable:assignee="user001" flowable:formFieldValidation="true">
      <extensionElements>
        <modeler:activiti-idm-assignee xmlns:modeler="http://flowable.org/modeler"><![CDATA[true]]></modeler:activiti-idm-assignee>
        <modeler:assignee-info-email xmlns:modeler="http://flowable.org/modeler"><![CDATA[111@163.ocm]]></modeler:assignee-info-email>
        <modeler:assignee-info-firstname xmlns:modeler="http://flowable.org/modeler"><![CDATA[rock]]></modeler:assignee-info-firstname>
        <modeler:assignee-info-lastname xmlns:modeler="http://flowable.org/modeler"><![CDATA[jessica]]></modeler:assignee-info-lastname>
        <modeler:initiator-can-complete xmlns:modeler="http://flowable.org/modeler"><![CDATA[false]]></modeler:initiator-can-complete>
      </extensionElements>
    </userTask>
    <sequenceFlow id="sid-927787D1-6634-43F5-BF28-3DB664546017" sourceRef="sid-94611C86-8A73-4F78-B8DE-9F67D5753427" targetRef="sid-AB62F138-C6B0-40AA-8CCA-D5ED4B5F54BB"></sequenceFlow>
    <endEvent id="sid-58F42021-50F3-47FD-870A-8CAA9284EBF1"></endEvent>
    <sequenceFlow id="sid-936379B2-CAF0-44AB-8363-916EF8D85432" sourceRef="sid-AB62F138-C6B0-40AA-8CCA-D5ED4B5F54BB" targetRef="sid-58F42021-50F3-47FD-870A-8CAA9284EBF1"></sequenceFlow>
  </process>
  <bpmndi:BPMNDiagram id="BPMNDiagram_test-process2">
    <bpmndi:BPMNPlane bpmnElement="test-process2" id="BPMNPlane_test-process2">
      <bpmndi:BPMNShape bpmnElement="sid-768AF1FD-E6B0-4CF1-8D27-7CA1228579AD" id="BPMNShape_sid-768AF1FD-E6B0-4CF1-8D27-7CA1228579AD">
        <omgdc:Bounds height="30.0" width="30.0" x="135.0" y="225.0"></omgdc:Bounds>
      </bpmndi:BPMNShape>
      <bpmndi:BPMNShape bpmnElement="sid-06F40A12-5224-4595-B248-93D7C58D00C4" id="BPMNShape_sid-06F40A12-5224-4595-B248-93D7C58D00C4">
        <omgdc:Bounds height="80.0" width="100.0" x="330.0" y="195.0"></omgdc:Bounds>
      </bpmndi:BPMNShape>
      <bpmndi:BPMNShape bpmnElement="sid-94611C86-8A73-4F78-B8DE-9F67D5753427" id="BPMNShape_sid-94611C86-8A73-4F78-B8DE-9F67D5753427">
        <omgdc:Bounds height="80.0" width="100.0" x="540.0" y="180.0"></omgdc:Bounds>
      </bpmndi:BPMNShape>
      <bpmndi:BPMNShape bpmnElement="sid-AB62F138-C6B0-40AA-8CCA-D5ED4B5F54BB" id="BPMNShape_sid-AB62F138-C6B0-40AA-8CCA-D5ED4B5F54BB">
        <omgdc:Bounds height="80.0" width="100.0" x="750.0" y="225.0"></omgdc:Bounds>
      </bpmndi:BPMNShape>
      <bpmndi:BPMNShape bpmnElement="sid-58F42021-50F3-47FD-870A-8CAA9284EBF1" id="BPMNShape_sid-58F42021-50F3-47FD-870A-8CAA9284EBF1">
        <omgdc:Bounds height="28.0" width="28.0" x="900.0" y="251.0"></omgdc:Bounds>
      </bpmndi:BPMNShape>
      <bpmndi:BPMNEdge bpmnElement="sid-936379B2-CAF0-44AB-8363-916EF8D85432" id="BPMNEdge_sid-936379B2-CAF0-44AB-8363-916EF8D85432">
        <omgdi:waypoint x="849.949999999996" y="265.0"></omgdi:waypoint>
        <omgdi:waypoint x="900.0" y="265.0"></omgdi:waypoint>
      </bpmndi:BPMNEdge>
      <bpmndi:BPMNEdge bpmnElement="sid-D41FA8CF-B80C-4E1D-BCDE-D9701D1019F3" id="BPMNEdge_sid-D41FA8CF-B80C-4E1D-BCDE-D9701D1019F3">
        <omgdi:waypoint x="164.9499980781758" y="240.0"></omgdi:waypoint>
        <omgdi:waypoint x="247.5" y="240.0"></omgdi:waypoint>
        <omgdi:waypoint x="247.5" y="235.0"></omgdi:waypoint>
        <omgdi:waypoint x="330.0" y="235.0"></omgdi:waypoint>
      </bpmndi:BPMNEdge>
      <bpmndi:BPMNEdge bpmnElement="sid-B320AA83-88DE-484B-B781-BDDE5EE48659" id="BPMNEdge_sid-B320AA83-88DE-484B-B781-BDDE5EE48659">
        <omgdi:waypoint x="429.95000000000005" y="235.0"></omgdi:waypoint>
        <omgdi:waypoint x="485.0" y="235.0"></omgdi:waypoint>
        <omgdi:waypoint x="485.0" y="220.0"></omgdi:waypoint>
        <omgdi:waypoint x="539.9999999999762" y="220.0"></omgdi:waypoint>
      </bpmndi:BPMNEdge>
      <bpmndi:BPMNEdge bpmnElement="sid-927787D1-6634-43F5-BF28-3DB664546017" id="BPMNEdge_sid-927787D1-6634-43F5-BF28-3DB664546017">
        <omgdi:waypoint x="639.949999999971" y="220.0"></omgdi:waypoint>
        <omgdi:waypoint x="695.0" y="220.0"></omgdi:waypoint>
        <omgdi:waypoint x="695.0" y="265.0"></omgdi:waypoint>
        <omgdi:waypoint x="749.9999999999762" y="265.0"></omgdi:waypoint>
      </bpmndi:BPMNEdge>
    </bpmndi:BPMNPlane>
  </bpmndi:BPMNDiagram>
</definitions>